[21Feb2024 15:47:58.275] [main/INFO] [cpw.mods.modlauncher.Launcher/MODLAUNCHER]: ModLauncher running: args [--launchTarget, forgedatauserdev, --assetIndex, 5, --assetsDir, /Users/thrasoscharalambous/.gradle/caches/forge_gradle/assets, --gameDir, ., --fml.forgeVersion, 47.2.20, --fml.mcVersion, 1.20.1, --fml.forgeGroup, net.minecraftforge, --fml.mcpVersion, 20230612.114412, --mod, passiveskilltreeadditions, --all, --output, /Users/thrasoscharalambous/Repositories/passiveskilltreeadditions-mod/src/generated/resources, --existing, /Users/thrasoscharalambous/Repositories/passiveskilltreeadditions-mod/src/main/resources]
[21Feb2024 15:47:58.277] [main/INFO] [cpw.mods.modlauncher.Launcher/MODLAUNCHER]: ModLauncher 10.0.9+10.0.9+main.dcd20f30 starting: java version 17.0.10 by Eclipse Adoptium; OS Mac OS X arch aarch64 version 14.3.1
[21Feb2024 15:47:58.311] [main/WARN] [net.minecraftforge.fml.loading.FMLConfig/CORE]: Configuration file /Users/thrasoscharalambous/Repositories/passiveskilltreeadditions-mod/run-data/config/fml.toml is not correct. Correcting
[21Feb2024 15:47:58.312] [main/INFO] [net.minecraftforge.fml.loading.FMLConfig/CORE]: Incorrect key [earlyWindowSkipGLVersions] was corrected from null to []
[21Feb2024 15:47:58.312] [main/INFO] [net.minecraftforge.fml.loading.FMLConfig/CORE]: Incorrect key [earlyWindowSquir] was corrected from null to false
[21Feb2024 15:47:58.318] [main/INFO] [net.minecraftforge.fml.loading.ImmediateWindowHandler/]: ImmediateWindowProvider not loading because launch target is forgedatauserdev
[21Feb2024 15:47:58.337] [main/INFO] [mixin/]: SpongePowered MIXIN Subsystem Version=0.8.5 Source=union:/Users/thrasoscharalambous/.gradle/caches/modules-2/files-2.1/org.spongepowered/mixin/0.8.5/9d1c0c3a304ae6697ecd477218fa61b850bf57fc/mixin-0.8.5.jar%23121!/ Service=ModLauncher Env=CLIENT
[21Feb2024 15:47:58.512] [main/WARN] [net.minecraftforge.fml.loading.moddiscovery.ModFileParser/LOADING]: Mod file /Users/thrasoscharalambous/.gradle/caches/modules-2/files-2.1/net.minecraftforge/javafmllanguage/1.20.1-47.2.20/918959a037ab7191a0c45a359f4746ab76c110c3/javafmllanguage-1.20.1-47.2.20.jar is missing mods.toml file
[21Feb2024 15:47:58.513] [main/WARN] [net.minecraftforge.fml.loading.moddiscovery.ModFileParser/LOADING]: Mod file /Users/thrasoscharalambous/.gradle/caches/modules-2/files-2.1/net.minecraftforge/lowcodelanguage/1.20.1-47.2.20/c1d1efcb98e8bfcf3dbfed0d1e81b55b648b86bf/lowcodelanguage-1.20.1-47.2.20.jar is missing mods.toml file
[21Feb2024 15:47:58.513] [main/WARN] [net.minecraftforge.fml.loading.moddiscovery.ModFileParser/LOADING]: Mod file /Users/thrasoscharalambous/.gradle/caches/modules-2/files-2.1/net.minecraftforge/mclanguage/1.20.1-47.2.20/efca3bee89c0085192b122d47334692b921ca7d1/mclanguage-1.20.1-47.2.20.jar is missing mods.toml file
[21Feb2024 15:47:58.514] [main/WARN] [net.minecraftforge.fml.loading.moddiscovery.ModFileParser/LOADING]: Mod file /Users/thrasoscharalambous/.gradle/caches/modules-2/files-2.1/net.minecraftforge/fmlcore/1.20.1-47.2.20/12cd436f148405b50c9b16bd8f3cc6f18db89824/fmlcore-1.20.1-47.2.20.jar is missing mods.toml file
[21Feb2024 15:47:58.585] [main/WARN] [net.minecraftforge.jarjar.selection.JarSelector/]: Attempted to select a dependency jar for JarJar which was passed in as source: mixinextras. Using Mod File: /Users/thrasoscharalambous/.gradle/caches/modules-2/files-2.1/io.github.llamalad7/mixinextras-forge/0.3.2/f964db372a52fe2878cc2b4a168e73aaf7d4fdb1/mixinextras-forge-0.3.2.jar
[21Feb2024 15:47:58.585] [main/INFO] [net.minecraftforge.fml.loading.moddiscovery.JarInJarDependencyLocator/]: Found 1 dependencies adding them to mods collection
[21Feb2024 15:47:59.101] [main/INFO] [mixin/]: Compatibility level set to JAVA_17
[21Feb2024 15:47:59.105] [main/INFO] [cpw.mods.modlauncher.LaunchServiceHandler/MODLAUNCHER]: Launching target 'forgedatauserdev' with arguments [--gameDir, ., --assetsDir, /Users/thrasoscharalambous/.gradle/caches/forge_gradle/assets, --assetIndex, 5, --mod, passiveskilltreeadditions, --all, --output, /Users/thrasoscharalambous/Repositories/passiveskilltreeadditions-mod/src/generated/resources, --existing, /Users/thrasoscharalambous/Repositories/passiveskilltreeadditions-mod/src/main/resources]
[21Feb2024 15:47:59.200] [main/WARN] [mixin/]: Error loading class: fuzs/easymagic/world/inventory/ModEnchantmentMenu (java.lang.ClassNotFoundException: fuzs.easymagic.world.inventory.ModEnchantmentMenu)
[21Feb2024 15:47:59.200] [main/WARN] [mixin/]: @Mixin target fuzs.easymagic.world.inventory.ModEnchantmentMenu was not found skilltree.mixins.json:easymagic/ModEnchantmentMenuMixin
[21Feb2024 15:47:59.201] [main/WARN] [mixin/]: Error loading class: dev/shadowsoffire/apotheosis/ench/table/ApothEnchantmentMenu (java.lang.ClassNotFoundException: dev.shadowsoffire.apotheosis.ench.table.ApothEnchantmentMenu)
[21Feb2024 15:47:59.201] [main/WARN] [mixin/]: @Mixin target dev.shadowsoffire.apotheosis.ench.table.ApothEnchantmentMenu was not found skilltree.mixins.json:apotheosis/ApothEnchantContainerMixin
[21Feb2024 15:47:59.202] [main/WARN] [mixin/]: Error loading class: dev/shadowsoffire/apotheosis/adventure/affix/socket/SocketingRecipe (java.lang.ClassNotFoundException: dev.shadowsoffire.apotheosis.adventure.affix.socket.SocketingRecipe)
[21Feb2024 15:47:59.202] [main/WARN] [mixin/]: @Mixin target dev.shadowsoffire.apotheosis.adventure.affix.socket.SocketingRecipe was not found skilltree.mixins.json:apotheosis/SocketingRecipeMixin
[21Feb2024 15:47:59.202] [main/WARN] [mixin/]: Error loading class: dev/shadowsoffire/apotheosis/adventure/affix/socket/gem/bonus/AttributeBonus (java.lang.ClassNotFoundException: dev.shadowsoffire.apotheosis.adventure.affix.socket.gem.bonus.AttributeBonus)
[21Feb2024 15:47:59.202] [main/WARN] [mixin/]: @Mixin target dev.shadowsoffire.apotheosis.adventure.affix.socket.gem.bonus.AttributeBonus was not found skilltree.mixins.json:apotheosis/AttributeBonusMixin
[21Feb2024 15:47:59.203] [main/WARN] [mixin/]: Error loading class: dev/shadowsoffire/apotheosis/adventure/affix/socket/gem/bonus/EnchantmentBonus (java.lang.ClassNotFoundException: dev.shadowsoffire.apotheosis.adventure.affix.socket.gem.bonus.EnchantmentBonus)
[21Feb2024 15:47:59.203] [main/WARN] [mixin/]: @Mixin target dev.shadowsoffire.apotheosis.adventure.affix.socket.gem.bonus.EnchantmentBonus was not found skilltree.mixins.json:apotheosis/EnchantmentBonusMixin
[21Feb2024 15:47:59.208] [main/WARN] [mixin/]: Error loading class: dev/shadowsoffire/apotheosis/adventure/client/AdventureModuleClient (java.lang.ClassNotFoundException: dev.shadowsoffire.apotheosis.adventure.client.AdventureModuleClient)
[21Feb2024 15:47:59.208] [main/WARN] [mixin/]: @Mixin target dev.shadowsoffire.apotheosis.adventure.client.AdventureModuleClient was not found skilltree.mixins.json:apotheosis/AdventureModuleClientMixin
[21Feb2024 15:47:59.226] [main/WARN] [mixin/]: Error loading class: tfar/davespotioneering/blockentity/AdvancedBrewingStandBlockEntity (java.lang.ClassNotFoundException: tfar.davespotioneering.blockentity.AdvancedBrewingStandBlockEntity)
[21Feb2024 15:47:59.226] [main/WARN] [mixin/]: @Mixin target tfar.davespotioneering.blockentity.AdvancedBrewingStandBlockEntity was not found itemproductionlib.mixins.json:davespotioneering/AdvancedBrewingStandBlockEntityMixin
[21Feb2024 15:47:59.229] [main/WARN] [mixin/]: Error loading class: vectorwing/farmersdelight/common/block/entity/CookingPotBlockEntity (java.lang.ClassNotFoundException: vectorwing.farmersdelight.common.block.entity.CookingPotBlockEntity)
[21Feb2024 15:47:59.230] [main/WARN] [mixin/]: @Mixin target vectorwing.farmersdelight.common.block.entity.CookingPotBlockEntity was not found itemproductionlib.mixins.json:farmersdelight/CookingPotBlockEntityMixin
[21Feb2024 15:47:59.231] [main/WARN] [mixin/]: Error loading class: vectorwing/farmersdelight/common/block/entity/StoveBlockEntity (java.lang.ClassNotFoundException: vectorwing.farmersdelight.common.block.entity.StoveBlockEntity)
[21Feb2024 15:47:59.231] [main/WARN] [mixin/]: @Mixin target vectorwing.farmersdelight.common.block.entity.StoveBlockEntity was not found itemproductionlib.mixins.json:farmersdelight/StoveBlockEntityMixin
[21Feb2024 15:47:59.339] [main/INFO] [net.minecraftforge.data.loading.DatagenModLoader/]: Initializing Data Gatherer for mods [passiveskilltreeadditions]
[21Feb2024 15:47:59.379] [main/INFO] [MixinExtras|Service/]: Initializing MixinExtras via com.llamalad7.mixinextras.service.MixinExtrasServiceImpl(version=0.3.2).
[21Feb2024 15:47:59.388] [main/FATAL] [mixin/]: Mixin apply failed curios.mixins.json:AccessorEntity -> net.minecraft.world.entity.Entity: org.spongepowered.asm.mixin.gen.throwables.InvalidAccessorException No candidates were found matching f_19803_:Z in net/minecraft/world/entity/Entity for curios.mixins.json:AccessorEntity->@Accessor[FIELD_GETTER]::getFirstTick()Z [INJECT Applicator Phase -> curios.mixins.json:AccessorEntity -> Apply Accessors ->  -> Locate -> curios.mixins.json:AccessorEntity->@Accessor[FIELD_GETTER]::getFirstTick()Z]
org.spongepowered.asm.mixin.gen.throwables.InvalidAccessorException: No candidates were found matching f_19803_:Z in net/minecraft/world/entity/Entity for curios.mixins.json:AccessorEntity->@Accessor[FIELD_GETTER]::getFirstTick()Z [INJECT Applicator Phase -> curios.mixins.json:AccessorEntity -> Apply Accessors ->  -> Locate -> curios.mixins.json:AccessorEntity->@Accessor[FIELD_GETTER]::getFirstTick()Z]
	at org.spongepowered.asm.mixin.gen.AccessorInfo.findTarget(AccessorInfo.java:518) ~[mixin-0.8.5.jar:0.8.5+Jenkins-b310.git-155314e6e91465dad727e621a569906a410cd6f4]
	at org.spongepowered.asm.mixin.gen.AccessorInfo.findTargetField(AccessorInfo.java:501) ~[mixin-0.8.5.jar:0.8.5+Jenkins-b310.git-155314e6e91465dad727e621a569906a410cd6f4]
	at org.spongepowered.asm.mixin.gen.AccessorInfo.locate(AccessorInfo.java:475) ~[mixin-0.8.5.jar:0.8.5+Jenkins-b310.git-155314e6e91465dad727e621a569906a410cd6f4]
	at org.spongepowered.asm.mixin.transformer.MixinTargetContext.generateAccessors(MixinTargetContext.java:1389) ~[mixin-0.8.5.jar:0.8.5+Jenkins-b310.git-155314e6e91465dad727e621a569906a410cd6f4]
	at org.spongepowered.asm.mixin.transformer.MixinApplicatorStandard.applyAccessors(MixinApplicatorStandard.java:1060) ~[mixin-0.8.5.jar:0.8.5+Jenkins-b310.git-155314e6e91465dad727e621a569906a410cd6f4]
	at org.spongepowered.asm.mixin.transformer.MixinApplicatorStandard.applyMixin(MixinApplicatorStandard.java:398) ~[mixin-0.8.5.jar:0.8.5+Jenkins-b310.git-155314e6e91465dad727e621a569906a410cd6f4]
	at org.spongepowered.asm.mixin.transformer.MixinApplicatorStandard.apply(MixinApplicatorStandard.java:325) ~[mixin-0.8.5.jar:0.8.5+Jenkins-b310.git-155314e6e91465dad727e621a569906a410cd6f4]
	at org.spongepowered.asm.mixin.transformer.TargetClassContext.apply(TargetClassContext.java:383) ~[mixin-0.8.5.jar:0.8.5+Jenkins-b310.git-155314e6e91465dad727e621a569906a410cd6f4]
	at org.spongepowered.asm.mixin.transformer.TargetClassContext.applyMixins(TargetClassContext.java:365) ~[mixin-0.8.5.jar:0.8.5+Jenkins-b310.git-155314e6e91465dad727e621a569906a410cd6f4]
	at org.spongepowered.asm.mixin.transformer.MixinProcessor.applyMixins(MixinProcessor.java:363) ~[mixin-0.8.5.jar:0.8.5+Jenkins-b310.git-155314e6e91465dad727e621a569906a410cd6f4]
	at org.spongepowered.asm.mixin.transformer.MixinTransformer.transformClass(MixinTransformer.java:250) ~[mixin-0.8.5.jar:0.8.5+Jenkins-b310.git-155314e6e91465dad727e621a569906a410cd6f4]
	at org.spongepowered.asm.service.modlauncher.MixinTransformationHandler.processClass(MixinTransformationHandler.java:131) ~[mixin-0.8.5.jar:0.8.5+Jenkins-b310.git-155314e6e91465dad727e621a569906a410cd6f4]
	at org.spongepowered.asm.launch.MixinLaunchPluginLegacy.processClass(MixinLaunchPluginLegacy.java:131) ~[mixin-0.8.5.jar:0.8.5+Jenkins-b310.git-155314e6e91465dad727e621a569906a410cd6f4]
	at cpw.mods.modlauncher.serviceapi.ILaunchPluginService.processClassWithFlags(ILaunchPluginService.java:156) ~[modlauncher-10.0.9.jar:10.0.9+10.0.9+main.dcd20f30]
	at cpw.mods.modlauncher.LaunchPluginHandler.offerClassNodeToPlugins(LaunchPluginHandler.java:88) ~[modlauncher-10.0.9.jar:?]
	at cpw.mods.modlauncher.ClassTransformer.transform(ClassTransformer.java:120) ~[modlauncher-10.0.9.jar:?]
	at cpw.mods.modlauncher.TransformingClassLoader.maybeTransformClassBytes(TransformingClassLoader.java:50) ~[modlauncher-10.0.9.jar:?]
	at cpw.mods.cl.ModuleClassLoader.readerToClass(ModuleClassLoader.java:113) ~[securejarhandler-2.1.10.jar:?]
	at cpw.mods.cl.ModuleClassLoader.lambda$findClass$15(ModuleClassLoader.java:219) ~[securejarhandler-2.1.10.jar:?]
	at cpw.mods.cl.ModuleClassLoader.loadFromModule(ModuleClassLoader.java:229) ~[securejarhandler-2.1.10.jar:?]
	at cpw.mods.cl.ModuleClassLoader.findClass(ModuleClassLoader.java:219) ~[securejarhandler-2.1.10.jar:?]
	at cpw.mods.cl.ModuleClassLoader.loadClass(ModuleClassLoader.java:135) ~[securejarhandler-2.1.10.jar:?]
	at java.lang.ClassLoader.loadClass(ClassLoader.java:525) ~[?:?]
	at net.minecraftforge.registries.GameData.init(GameData.java:107) ~[forge-1.20.1-47.2.20_mapped_official_1.20.1.jar:?]
	at net.minecraftforge.registries.GameData.<clinit>(GameData.java:93) ~[forge-1.20.1-47.2.20_mapped_official_1.20.1.jar:?]
	at net.minecraft.core.registries.BuiltInRegistries.forge(BuiltInRegistries.java:429) ~[forge-1.20.1-47.2.20_mapped_official_1.20.1.jar:?]
	at net.minecraft.core.registries.BuiltInRegistries.forge(BuiltInRegistries.java:409) ~[forge-1.20.1-47.2.20_mapped_official_1.20.1.jar:?]
	at net.minecraft.core.registries.BuiltInRegistries.<clinit>(BuiltInRegistries.java:121) ~[forge-1.20.1-47.2.20_mapped_official_1.20.1.jar:?]
	at net.minecraft.server.Bootstrap.bootStrap(Bootstrap.java:43) ~[forge-1.20.1-47.2.20_mapped_official_1.20.1.jar:?]
	at net.minecraftforge.data.loading.DatagenModLoader.begin(DatagenModLoader.java:42) ~[forge-1.20.1-47.2.20_mapped_official_1.20.1.jar:?]
	at net.minecraft.data.Main.main(Main.java:90) ~[forge-1.20.1-47.2.20_mapped_official_1.20.1.jar:?]
	at jdk.internal.reflect.NativeMethodAccessorImpl.invoke0(Native Method) ~[?:?]
	at jdk.internal.reflect.NativeMethodAccessorImpl.invoke(NativeMethodAccessorImpl.java:77) ~[?:?]
	at jdk.internal.reflect.DelegatingMethodAccessorImpl.invoke(DelegatingMethodAccessorImpl.java:43) ~[?:?]
	at java.lang.reflect.Method.invoke(Method.java:568) ~[?:?]
	at net.minecraftforge.fml.loading.targets.CommonLaunchHandler.runTarget(CommonLaunchHandler.java:111) ~[fmlloader-1.20.1-47.2.20.jar:?]
	at net.minecraftforge.fml.loading.targets.CommonLaunchHandler.dataService(CommonLaunchHandler.java:107) ~[fmlloader-1.20.1-47.2.20.jar:?]
	at net.minecraftforge.fml.loading.targets.ForgeDataUserdevLaunchHandler.devService(ForgeDataUserdevLaunchHandler.java:22) ~[fmlloader-1.20.1-47.2.20.jar:?]
	at net.minecraftforge.fml.loading.targets.CommonDevLaunchHandler.lambda$makeService$7(CommonDevLaunchHandler.java:135) ~[fmlloader-1.20.1-47.2.20.jar:?]
	at cpw.mods.modlauncher.LaunchServiceHandlerDecorator.launch(LaunchServiceHandlerDecorator.java:30) ~[modlauncher-10.0.9.jar:?]
	at cpw.mods.modlauncher.LaunchServiceHandler.launch(LaunchServiceHandler.java:53) ~[modlauncher-10.0.9.jar:?]
	at cpw.mods.modlauncher.LaunchServiceHandler.launch(LaunchServiceHandler.java:71) ~[modlauncher-10.0.9.jar:?]
	at cpw.mods.modlauncher.Launcher.run(Launcher.java:108) ~[modlauncher-10.0.9.jar:?]
	at cpw.mods.modlauncher.Launcher.main(Launcher.java:78) ~[modlauncher-10.0.9.jar:?]
	at cpw.mods.modlauncher.BootstrapLaunchConsumer.accept(BootstrapLaunchConsumer.java:26) ~[modlauncher-10.0.9.jar:?]
	at cpw.mods.modlauncher.BootstrapLaunchConsumer.accept(BootstrapLaunchConsumer.java:23) ~[modlauncher-10.0.9.jar:?]
	at cpw.mods.bootstraplauncher.BootstrapLauncher.main(BootstrapLauncher.java:141) ~[bootstraplauncher-1.1.2.jar:?]
